Performing C SOURCE FILE Test CMAKE_HAVE_LIBC_PTHREAD failed with the following output:
Change Dir: /home/neofelis/VRX/drift/ROS/drift/build/CMakeFiles/CMakeTmp

Run Build Command(s):/usr/bin/make cmTC_becaf/fast && /usr/bin/make -f CMakeFiles/cmTC_becaf.dir/build.make CMakeFiles/cmTC_becaf.dir/build
make[1]: Entering directory '/home/neofelis/VRX/drift/ROS/drift/build/CMakeFiles/CMakeTmp'
Building C object CMakeFiles/cmTC_becaf.dir/src.c.o
/usr/bin/cc   -DCMAKE_HAVE_LIBC_PTHREAD   -o CMakeFiles/cmTC_becaf.dir/src.c.o   -c /home/neofelis/VRX/drift/ROS/drift/build/CMakeFiles/CMakeTmp/src.c
Linking C executable cmTC_becaf
/usr/bin/cmake -E cmake_link_script CMakeFiles/cmTC_becaf.dir/link.txt --verbose=1
/usr/bin/cc  -DCMAKE_HAVE_LIBC_PTHREAD    -rdynamic CMakeFiles/cmTC_becaf.dir/src.c.o  -o cmTC_becaf 
/usr/bin/ld: CMakeFiles/cmTC_becaf.dir/src.c.o: in function `main':
src.c:(.text+0x46): undefined reference to `pthread_create'
/usr/bin/ld: src.c:(.text+0x52): undefined reference to `pthread_detach'
/usr/bin/ld: src.c:(.text+0x63): undefined reference to `pthread_join'
collect2: error: ld returned 1 exit status
make[1]: *** [CMakeFiles/cmTC_becaf.dir/build.make:87: cmTC_becaf] Error 1
make[1]: Leaving directory '/home/neofelis/VRX/drift/ROS/drift/build/CMakeFiles/CMakeTmp'
make: *** [Makefile:121: cmTC_becaf/fast] Error 2


Source file was:
#include <pthread.h>

void* test_func(void* data)
{
  return data;
}

int main(void)
{
  pthread_t thread;
  pthread_create(&thread, NULL, test_func, NULL);
  pthread_detach(thread);
  pthread_join(thread, NULL);
  pthread_atfork(NULL, NULL, NULL);
  pthread_exit(NULL);

  return 0;
}

Determining if the function pthread_create exists in the pthreads failed with the following output:
Change Dir: /home/neofelis/VRX/drift/ROS/drift/build/CMakeFiles/CMakeTmp

Run Build Command(s):/usr/bin/make cmTC_a8b8b/fast && /usr/bin/make -f CMakeFiles/cmTC_a8b8b.dir/build.make CMakeFiles/cmTC_a8b8b.dir/build
make[1]: Entering directory '/home/neofelis/VRX/drift/ROS/drift/build/CMakeFiles/CMakeTmp'
Building C object CMakeFiles/cmTC_a8b8b.dir/CheckFunctionExists.c.o
/usr/bin/cc   -DCHECK_FUNCTION_EXISTS=pthread_create   -o CMakeFiles/cmTC_a8b8b.dir/CheckFunctionExists.c.o   -c /usr/share/cmake-3.16/Modules/CheckFunctionExists.c
Linking C executable cmTC_a8b8b
/usr/bin/cmake -E cmake_link_script CMakeFiles/cmTC_a8b8b.dir/link.txt --verbose=1
/usr/bin/cc  -DCHECK_FUNCTION_EXISTS=pthread_create    -rdynamic CMakeFiles/cmTC_a8b8b.dir/CheckFunctionExists.c.o  -o cmTC_a8b8b  -lpthreads 
/usr/bin/ld: cannot find -lpthreads
collect2: error: ld returned 1 exit status
make[1]: *** [CMakeFiles/cmTC_a8b8b.dir/build.make:87: cmTC_a8b8b] Error 1
make[1]: Leaving directory '/home/neofelis/VRX/drift/ROS/drift/build/CMakeFiles/CMakeTmp'
make: *** [Makefile:121: cmTC_a8b8b/fast] Error 2



Performing C SOURCE FILE Test CMAKE_HAVE_LIBC_PTHREAD failed with the following output:
Change Dir: /home/neofelis/drift_gps/ROS/drift/build/CMakeFiles/CMakeTmp

Run Build Command(s):/usr/bin/make cmTC_007ba/fast && /usr/bin/make -f CMakeFiles/cmTC_007ba.dir/build.make CMakeFiles/cmTC_007ba.dir/build
make[1]: Entering directory '/home/neofelis/drift_gps/ROS/drift/build/CMakeFiles/CMakeTmp'
Building C object CMakeFiles/cmTC_007ba.dir/src.c.o
/usr/bin/cc   -DCMAKE_HAVE_LIBC_PTHREAD   -o CMakeFiles/cmTC_007ba.dir/src.c.o   -c /home/neofelis/drift_gps/ROS/drift/build/CMakeFiles/CMakeTmp/src.c
Linking C executable cmTC_007ba
/usr/bin/cmake -E cmake_link_script CMakeFiles/cmTC_007ba.dir/link.txt --verbose=1
/usr/bin/cc  -DCMAKE_HAVE_LIBC_PTHREAD    -rdynamic CMakeFiles/cmTC_007ba.dir/src.c.o  -o cmTC_007ba 
/usr/bin/ld: CMakeFiles/cmTC_007ba.dir/src.c.o: in function `main':
src.c:(.text+0x46): undefined reference to `pthread_create'
/usr/bin/ld: src.c:(.text+0x52): undefined reference to `pthread_detach'
/usr/bin/ld: src.c:(.text+0x63): undefined reference to `pthread_join'
collect2: error: ld returned 1 exit status
make[1]: *** [CMakeFiles/cmTC_007ba.dir/build.make:87: cmTC_007ba] Error 1
make[1]: Leaving directory '/home/neofelis/drift_gps/ROS/drift/build/CMakeFiles/CMakeTmp'
make: *** [Makefile:121: cmTC_007ba/fast] Error 2


Source file was:
#include <pthread.h>

void* test_func(void* data)
{
  return data;
}

int main(void)
{
  pthread_t thread;
  pthread_create(&thread, NULL, test_func, NULL);
  pthread_detach(thread);
  pthread_join(thread, NULL);
  pthread_atfork(NULL, NULL, NULL);
  pthread_exit(NULL);

  return 0;
}

Determining if the function pthread_create exists in the pthreads failed with the following output:
Change Dir: /home/neofelis/drift_gps/ROS/drift/build/CMakeFiles/CMakeTmp

Run Build Command(s):/usr/bin/make cmTC_2e1d7/fast && /usr/bin/make -f CMakeFiles/cmTC_2e1d7.dir/build.make CMakeFiles/cmTC_2e1d7.dir/build
make[1]: Entering directory '/home/neofelis/drift_gps/ROS/drift/build/CMakeFiles/CMakeTmp'
Building C object CMakeFiles/cmTC_2e1d7.dir/CheckFunctionExists.c.o
/usr/bin/cc   -DCHECK_FUNCTION_EXISTS=pthread_create   -o CMakeFiles/cmTC_2e1d7.dir/CheckFunctionExists.c.o   -c /usr/share/cmake-3.16/Modules/CheckFunctionExists.c
Linking C executable cmTC_2e1d7
/usr/bin/cmake -E cmake_link_script CMakeFiles/cmTC_2e1d7.dir/link.txt --verbose=1
/usr/bin/cc  -DCHECK_FUNCTION_EXISTS=pthread_create    -rdynamic CMakeFiles/cmTC_2e1d7.dir/CheckFunctionExists.c.o  -o cmTC_2e1d7  -lpthreads 
/usr/bin/ld: cannot find -lpthreads
collect2: error: ld returned 1 exit status
make[1]: *** [CMakeFiles/cmTC_2e1d7.dir/build.make:87: cmTC_2e1d7] Error 1
make[1]: Leaving directory '/home/neofelis/drift_gps/ROS/drift/build/CMakeFiles/CMakeTmp'
make: *** [Makefile:121: cmTC_2e1d7/fast] Error 2



